<?xml version="1.0" encoding="UTF-8"?>
<!-- Generated by org.testng.reporters.JUnitReportReporter -->
<testsuite skipped="0" hostname="BLRL79035" name="com.qa.selenium.design.test.command.HomePageTestUsingDataProvider" tests="9" failures="0" timestamp="04 Jul 2020 07:14:33 GMT" time="20.721" errors="0">
  <testcase name="homePageTest" time="4.268" classname="com.qa.selenium.design.test.command.HomePageTestUsingDataProvider"/>
  <testcase name="homePageTest" time="4.234" classname="com.qa.selenium.design.test.command.HomePageTestUsingDataProvider"/>
  <testcase name="homePageTest" time="0.202" classname="com.qa.selenium.design.test.command.HomePageTestUsingDataProvider"/>
  <testcase name="homePageTest" time="0.196" classname="com.qa.selenium.design.test.command.HomePageTestUsingDataProvider"/>
  <testcase name="launchSite" time="2.781" classname="com.qa.selenium.design.test.command.HomePageTestUsingDataProvider"/>
  <testcase name="homePageTest" time="4.259" classname="com.qa.selenium.design.test.command.HomePageTestUsingDataProvider"/>
  <testcase name="homePageTest" time="4.357" classname="com.qa.selenium.design.test.command.HomePageTestUsingDataProvider"/>
  <testcase name="homePageTest" time="0.199" classname="com.qa.selenium.design.test.command.HomePageTestUsingDataProvider"/>
  <testcase name="homePageTest" time="0.225" classname="com.qa.selenium.design.test.command.HomePageTestUsingDataProvider"/>
</testsuite> <!-- com.qa.selenium.design.test.command.HomePageTestUsingDataProvider -->
