<?xml version="1.0" encoding="UTF-8"?>
<!-- Generated by org.testng.reporters.JUnitReportReporter -->
<testsuite skipped="0" hostname="BLRL79035" name="com.qa.selenium.design.test.command.HomePageTest" tests="1" failures="0" timestamp="04 Jul 2020 07:09:45 GMT" time="7.872" errors="0">
  <testcase name="homePageTest" time="7.872" classname="com.qa.selenium.design.test.command.HomePageTest"/>
</testsuite> <!-- com.qa.selenium.design.test.command.HomePageTest -->
