<?xml version="1.0" encoding="UTF-8"?>
<!-- Generated by org.testng.reporters.JUnitReportReporter -->
<testsuite skipped="0" hostname="BLRL79035" name="com.qa.selenium.design.test.srp.GoogleTest" tests="2" failures="0" timestamp="28 Jun 2020 16:05:58 GMT" time="21.652" errors="0">
  <testcase name="googleWorkFlow" time="8.759" classname="com.qa.selenium.design.test.srp.GoogleTest"/>
  <testcase name="googleWorkFlow" time="12.893" classname="com.qa.selenium.design.test.srp.GoogleTest"/>
</testsuite> <!-- com.qa.selenium.design.test.srp.GoogleTest -->
