<?xml version="1.0" encoding="UTF-8"?>
<!-- Generated by org.testng.reporters.JUnitReportReporter -->
<testsuite skipped="0" hostname="BLRL79035" name="com.qa.selenium.design.test.executeAroundMethod.FrameTest" tests="1" failures="0" timestamp="05 Jul 2020 07:36:32 GMT" time="3.764" errors="0">
  <testcase name="test" time="3.764" classname="com.qa.selenium.design.test.executeAroundMethod.FrameTest"/>
</testsuite> <!-- com.qa.selenium.design.test.executeAroundMethod.FrameTest -->
