<?xml version="1.0" encoding="UTF-8"?>
<!-- Generated by org.testng.reporters.JUnitReportReporter -->
<testsuite skipped="0" hostname="BLRL79035" name="com.qa.selenium.design.test.strategy.PaymentScreenTestUsingFactory" tests="1" failures="0" timestamp="01 Jul 2020 16:06:02 GMT" time="4.895" errors="0">
  <testcase name="paymentSCreenTest" time="4.895" classname="com.qa.selenium.design.test.strategy.PaymentScreenTestUsingFactory"/>
</testsuite> <!-- com.qa.selenium.design.test.strategy.PaymentScreenTestUsingFactory -->
