<?xml version="1.0" encoding="UTF-8"?>
<!-- Generated by org.testng.reporters.JUnitReportReporter -->
<testsuite skipped="0" hostname="BLRL79035" name="com.qa.selenium.design.test.proxy.PaymentScreenTest" tests="1" failures="0" timestamp="04 Jul 2020 10:11:08 GMT" time="5.587" errors="0">
  <testcase name="paymentSCreenTest" time="5.587" classname="com.qa.selenium.design.test.proxy.PaymentScreenTest"/>
</testsuite> <!-- com.qa.selenium.design.test.proxy.PaymentScreenTest -->
