<?xml version="1.0" encoding="UTF-8"?>
<!-- Generated by org.testng.reporters.JUnitReportReporter -->
<testsuite skipped="0" hostname="BLRL79035" name="com.qa.selenium.design.test.decorator.DashboardPageTest" tests="3" failures="0" timestamp="05 Jul 2020 09:28:51 GMT" time="4.400" errors="0">
  <testcase name="roleTest" time="0.410" classname="com.qa.selenium.design.test.decorator.DashboardPageTest"/>
  <testcase name="roleTest" time="0.446" classname="com.qa.selenium.design.test.decorator.DashboardPageTest"/>
  <testcase name="roleTest" time="3.544" classname="com.qa.selenium.design.test.decorator.DashboardPageTest"/>
</testsuite> <!-- com.qa.selenium.design.test.decorator.DashboardPageTest -->
